# JRE version: OpenJDK Runtime Environment (11.0.8+10) (build 11.0.8+10-b944.6842174)
# Java VM: OpenJDK 64-Bit Server VM (11.0.8+10-b944.6842174, mixed mode, tiered, compressed oops, g1 gc, windows-amd64)
Heap:
 garbage-first heap   total 187392K, used 117111K [0x0000000080000000, 0x0000000100000000)
  region size 1024K, 3 young (3072K), 3 survivors (3072K)
 Metaspace       used 107253K, capacity 110729K, committed 110892K, reserved 1144832K
  class space    used 14296K, capacity 15707K, committed 15744K, reserved 1048576K
GC Heap History (20 events):
Event: 14.550 GC heap after
{Heap after GC invocations=34 (full 0):
 garbage-first heap   total 155648K, used 100623K [0x0000000080000000, 0x0000000100000000)
  region size 1024K, 3 young (3072K), 3 survivors (3072K)
 Metaspace       used 95133K, capacity 97265K, committed 97452K, reserved 1134592K
  class space    used 12214K, capacity 12977K, committed 13056K, reserved 1048576K
}
Event: 14.560 GC heap before
{Heap before GC invocations=34 (full 0):
 garbage-first heap   total 155648K, used 103695K [0x0000000080000000, 0x0000000100000000)
  region size 1024K, 7 young (7168K), 3 survivors (3072K)
 Metaspace       used 95205K, capacity 97363K, committed 97452K, reserved 1134592K
  class space    used 12223K, capacity 13009K, committed 13056K, reserved 1048576K
}
Event: 14.564 GC heap after
{Heap after GC invocations=35 (full 0):
 garbage-first heap   total 155648K, used 97236K [0x0000000080000000, 0x0000000100000000)
  region size 1024K, 1 young (1024K), 1 survivors (1024K)
 Metaspace       used 95205K, capacity 97363K, committed 97452K, reserved 1134592K
  class space    used 12223K, capacity 13009K, committed 13056K, reserved 1048576K
}
Event: 14.646 GC heap before
{Heap before GC invocations=35 (full 0):
 garbage-first heap   total 155648K, used 124884K [0x0000000080000000, 0x0000000100000000)
  region size 1024K, 29 young (29696K), 1 survivors (1024K)
 Metaspace       used 95505K, capacity 97639K, committed 97708K, reserved 1134592K
  class space    used 12264K, capacity 13054K, committed 13056K, reserved 1048576K
}
Event: 14.650 GC heap after
{Heap after GC invocations=36 (full 0):
 garbage-first heap   total 155648K, used 99728K [0x0000000080000000, 0x0000000100000000)
  region size 1024K, 4 young (4096K), 4 survivors (4096K)
 Metaspace       used 95505K, capacity 97639K, committed 97708K, reserved 1134592K
  class space    used 12264K, capacity 13054K, committed 13056K, reserved 1048576K
}
Event: 14.946 GC heap before
{Heap before GC invocations=37 (full 0):
 garbage-first heap   total 155648K, used 131472K [0x0000000080000000, 0x0000000100000000)
  region size 1024K, 31 young (31744K), 4 survivors (4096K)
 Metaspace       used 97204K, capacity 99432K, committed 99500K, reserved 1136640K
  class space    used 12491K, capacity 13293K, committed 13312K, reserved 1048576K
}
Event: 14.950 GC heap after
{Heap after GC invocations=38 (full 0):
 garbage-first heap   total 155648K, used 102230K [0x0000000080000000, 0x0000000100000000)
  region size 1024K, 3 young (3072K), 3 survivors (3072K)
 Metaspace       used 97204K, capacity 99432K, committed 99500K, reserved 1136640K
  class space    used 12491K, capacity 13293K, committed 13312K, reserved 1048576K
}
Event: 14.955 GC heap before
{Heap before GC invocations=38 (full 0):
 garbage-first heap   total 155648K, used 105302K [0x0000000080000000, 0x0000000100000000)
  region size 1024K, 7 young (7168K), 3 survivors (3072K)
 Metaspace       used 97224K, capacity 99432K, committed 99500K, reserved 1136640K
  class space    used 12492K, capacity 13293K, committed 13312K, reserved 1048576K
}
Event: 14.960 GC heap after
{Heap after GC invocations=39 (full 0):
 garbage-first heap   total 155648K, used 93035K [0x0000000080000000, 0x0000000100000000)
  region size 1024K, 1 young (1024K), 1 survivors (1024K)
 Metaspace       used 97224K, capacity 99432K, committed 99500K, reserved 1136640K
  class space    used 12492K, capacity 13293K, committed 13312K, reserved 1048576K
}
Event: 15.147 GC heap before
{Heap before GC invocations=39 (full 0):
 garbage-first heap   total 155648K, used 123755K [0x0000000080000000, 0x0000000100000000)
  region size 1024K, 32 young (32768K), 1 survivors (1024K)
 Metaspace       used 100071K, capacity 102578K, committed 102700K, reserved 1138688K
  class space    used 12974K, capacity 13923K, committed 13952K, reserved 1048576K
}
Event: 15.151 GC heap after
{Heap after GC invocations=40 (full 0):
 garbage-first heap   total 155648K, used 98414K [0x0000000080000000, 0x0000000100000000)
  region size 1024K, 4 young (4096K), 4 survivors (4096K)
 Metaspace       used 100071K, capacity 102578K, committed 102700K, reserved 1138688K
  class space    used 12974K, capacity 13923K, committed 13952K, reserved 1048576K
}
Event: 15.214 GC heap before
{Heap before GC invocations=40 (full 0):
 garbage-first heap   total 155648K, used 126062K [0x0000000080000000, 0x0000000100000000)
  region size 1024K, 32 young (32768K), 4 survivors (4096K)
 Metaspace       used 101302K, capacity 103924K, committed 104236K, reserved 1138688K
  class space    used 13149K, capacity 14116K, committed 14208K, reserved 1048576K
}
Event: 15.222 GC heap after
{Heap after GC invocations=41 (full 0):
 garbage-first heap   total 155648K, used 107120K [0x0000000080000000, 0x0000000100000000)
  region size 1024K, 4 young (4096K), 4 survivors (4096K)
 Metaspace       used 101302K, capacity 103924K, committed 104236K, reserved 1138688K
  class space    used 13149K, capacity 14116K, committed 14208K, reserved 1048576K
}
Event: 15.328 GC heap before
{Heap before GC invocations=41 (full 0):
 garbage-first heap   total 155648K, used 126576K [0x0000000080000000, 0x0000000100000000)
  region size 1024K, 24 young (24576K), 4 survivors (4096K)
 Metaspace       used 103753K, capacity 106903K, committed 107052K, reserved 1140736K
  class space    used 13699K, capacity 14945K, committed 14976K, reserved 1048576K
}
Event: 15.334 GC heap after
{Heap after GC invocations=42 (full 0):
 garbage-first heap   total 155648K, used 110234K [0x0000000080000000, 0x0000000100000000)
  region size 1024K, 3 young (3072K), 3 survivors (3072K)
 Metaspace       used 103753K, capacity 106903K, committed 107052K, reserved 1140736K
  class space    used 13699K, capacity 14945K, committed 14976K, reserved 1048576K
}
Event: 15.418 GC heap before
{Heap before GC invocations=42 (full 0):
 garbage-first heap   total 155648K, used 127642K [0x0000000080000000, 0x0000000100000000)
  region size 1024K, 21 young (21504K), 3 survivors (3072K)
 Metaspace       used 105826K, capacity 109165K, committed 109356K, reserved 1142784K
  class space    used 14070K, capacity 15396K, committed 15488K, reserved 1048576K
}
Event: 15.421 GC heap after
{Heap after GC invocations=43 (full 0):
 garbage-first heap   total 155648K, used 111558K [0x0000000080000000, 0x0000000100000000)
  region size 1024K, 2 young (2048K), 2 survivors (2048K)
 Metaspace       used 105826K, capacity 109165K, committed 109356K, reserved 1142784K
  class space    used 14070K, capacity 15396K, committed 15488K, reserved 1048576K
}
Event: 15.468 GC heap before
{Heap before GC invocations=43 (full 0):
 garbage-first heap   total 155648K, used 129990K [0x0000000080000000, 0x0000000100000000)
  region size 1024K, 20 young (20480K), 2 survivors (2048K)
 Metaspace       used 106478K, capacity 109873K, committed 109996K, reserved 1144832K
  class space    used 14176K, capacity 15529K, committed 15616K, reserved 1048576K
}
Event: 15.470 GC heap after
{Heap after GC invocations=44 (full 0):
 garbage-first heap   total 155648K, used 113032K [0x0000000080000000, 0x0000000100000000)
  region size 1024K, 3 young (3072K), 3 survivors (3072K)
 Metaspace       used 106478K, capacity 109873K, committed 109996K, reserved 1144832K
  class space    used 14176K, capacity 15529K, committed 15616K, reserved 1048576K
}
Event: 15.534 GC heap before
{Heap before GC invocations=44 (full 0):
 garbage-first heap   total 155648K, used 130440K [0x0000000080000000, 0x0000000100000000)
  region size 1024K, 21 young (21504K), 3 survivors (3072K)
 Metaspace       used 107253K, capacity 110729K, committed 110892K, reserved 1144832K
  class space    used 14296K, capacity 15707K, committed 15744K, reserved 1048576K
}

