# JRE version: OpenJDK Runtime Environment (11.0.8+10) (build 11.0.8+10-b944.6842174)
# Java VM: OpenJDK 64-Bit Server VM (11.0.8+10-b944.6842174, mixed mode, tiered, compressed oops, g1 gc, windows-amd64)
Heap:
 garbage-first heap   total 225280K, used 120448K [0x0000000080000000, 0x0000000100000000)
  region size 1024K, 16 young (16384K), 5 survivors (5120K)
 Metaspace       used 97878K, capacity 100746K, committed 102636K, reserved 1136640K
  class space    used 12916K, capacity 14037K, committed 14744K, reserved 1048576K
GC Heap History (20 events):
Event: 6.238 GC heap before
{Heap before GC invocations=14 (full 0):
 garbage-first heap   total 155648K, used 117130K [0x0000000080000000, 0x0000000100000000)
  region size 1024K, 65 young (66560K), 6 survivors (6144K)
 Metaspace       used 70782K, capacity 72326K, committed 72524K, reserved 1112064K
  class space    used 9190K, capacity 9744K, committed 9856K, reserved 1048576K
}
Event: 6.244 GC heap after
{Heap after GC invocations=15 (full 0):
 garbage-first heap   total 155648K, used 60776K [0x0000000080000000, 0x0000000100000000)
  region size 1024K, 5 young (5120K), 5 survivors (5120K)
 Metaspace       used 70782K, capacity 72326K, committed 72524K, reserved 1112064K
  class space    used 9190K, capacity 9744K, committed 9856K, reserved 1048576K
}
Event: 6.714 GC heap before
{Heap before GC invocations=15 (full 0):
 garbage-first heap   total 155648K, used 119144K [0x0000000080000000, 0x0000000100000000)
  region size 1024K, 62 young (63488K), 5 survivors (5120K)
 Metaspace       used 75620K, capacity 77297K, committed 77516K, reserved 1116160K
  class space    used 9875K, capacity 10462K, committed 10496K, reserved 1048576K
}
Event: 6.720 GC heap after
{Heap after GC invocations=16 (full 0):
 garbage-first heap   total 155648K, used 64059K [0x0000000080000000, 0x0000000100000000)
  region size 1024K, 8 young (8192K), 8 survivors (8192K)
 Metaspace       used 75620K, capacity 77297K, committed 77516K, reserved 1116160K
  class space    used 9875K, capacity 10462K, committed 10496K, reserved 1048576K
}
Event: 7.158 GC heap before
{Heap before GC invocations=16 (full 0):
 garbage-first heap   total 155648K, used 121403K [0x0000000080000000, 0x0000000100000000)
  region size 1024K, 65 young (66560K), 8 survivors (8192K)
 Metaspace       used 79472K, capacity 81509K, committed 81740K, reserved 1120256K
  class space    used 10395K, capacity 11136K, committed 11136K, reserved 1048576K
}
Event: 7.167 GC heap after
{Heap after GC invocations=17 (full 0):
 garbage-first heap   total 187392K, used 69626K [0x0000000080000000, 0x0000000100000000)
  region size 1024K, 9 young (9216K), 9 survivors (9216K)
 Metaspace       used 79472K, capacity 81509K, committed 81740K, reserved 1120256K
  class space    used 10395K, capacity 11136K, committed 11136K, reserved 1048576K
}
Event: 7.481 GC heap before
{Heap before GC invocations=17 (full 0):
 garbage-first heap   total 187392K, used 141306K [0x0000000080000000, 0x0000000100000000)
  region size 1024K, 80 young (81920K), 9 survivors (9216K)
 Metaspace       used 79991K, capacity 82097K, committed 82380K, reserved 1120256K
  class space    used 10409K, capacity 11146K, committed 11264K, reserved 1048576K
}
Event: 7.489 GC heap after
{Heap after GC invocations=18 (full 0):
 garbage-first heap   total 187392K, used 74560K [0x0000000080000000, 0x0000000100000000)
  region size 1024K, 7 young (7168K), 7 survivors (7168K)
 Metaspace       used 79991K, capacity 82097K, committed 82380K, reserved 1120256K
  class space    used 10409K, capacity 11146K, committed 11264K, reserved 1048576K
}
Event: 7.831 GC heap before
{Heap before GC invocations=18 (full 0):
 garbage-first heap   total 187392K, used 144192K [0x0000000080000000, 0x0000000100000000)
  region size 1024K, 76 young (77824K), 7 survivors (7168K)
 Metaspace       used 81849K, capacity 84041K, committed 84172K, reserved 1122304K
  class space    used 10655K, capacity 11416K, committed 11520K, reserved 1048576K
}
Event: 7.838 GC heap after
{Heap after GC invocations=19 (full 0):
 garbage-first heap   total 187392K, used 77595K [0x0000000080000000, 0x0000000100000000)
  region size 1024K, 6 young (6144K), 6 survivors (6144K)
 Metaspace       used 81849K, capacity 84041K, committed 84172K, reserved 1122304K
  class space    used 10655K, capacity 11416K, committed 11520K, reserved 1048576K
}
Event: 8.312 GC heap before
{Heap before GC invocations=19 (full 0):
 garbage-first heap   total 187392K, used 146203K [0x0000000080000000, 0x0000000100000000)
  region size 1024K, 74 young (75776K), 6 survivors (6144K)
 Metaspace       used 85770K, capacity 87959K, committed 88268K, reserved 1126400K
  class space    used 11141K, capacity 11925K, committed 12032K, reserved 1048576K
}
Event: 8.318 GC heap after
{Heap after GC invocations=20 (full 0):
 garbage-first heap   total 187392K, used 82600K [0x0000000080000000, 0x0000000100000000)
  region size 1024K, 6 young (6144K), 6 survivors (6144K)
 Metaspace       used 85770K, capacity 87959K, committed 88268K, reserved 1126400K
  class space    used 11141K, capacity 11925K, committed 12032K, reserved 1048576K
}
Event: 8.630 GC heap before
{Heap before GC invocations=20 (full 0):
 garbage-first heap   total 187392K, used 153256K [0x0000000080000000, 0x0000000100000000)
  region size 1024K, 72 young (73728K), 6 survivors (6144K)
 Metaspace       used 87300K, capacity 89611K, committed 89804K, reserved 1126400K
  class space    used 11338K, capacity 12170K, committed 12288K, reserved 1048576K
}
Event: 8.637 GC heap after
{Heap after GC invocations=21 (full 0):
 garbage-first heap   total 187392K, used 88885K [0x0000000080000000, 0x0000000100000000)
  region size 1024K, 7 young (7168K), 7 survivors (7168K)
 Metaspace       used 87300K, capacity 89611K, committed 89804K, reserved 1126400K
  class space    used 11338K, capacity 12170K, committed 12288K, reserved 1048576K
}
Event: 8.937 GC heap before
{Heap before GC invocations=21 (full 0):
 garbage-first heap   total 187392K, used 150325K [0x0000000080000000, 0x0000000100000000)
  region size 1024K, 68 young (69632K), 7 survivors (7168K)
 Metaspace       used 92239K, capacity 95009K, committed 95052K, reserved 1130496K
  class space    used 12143K, capacity 13157K, committed 13184K, reserved 1048576K
}
Event: 8.949 GC heap after
{Heap after GC invocations=22 (full 0):
 garbage-first heap   total 225280K, used 99696K [0x0000000080000000, 0x0000000100000000)
  region size 1024K, 9 young (9216K), 9 survivors (9216K)
 Metaspace       used 92239K, capacity 95009K, committed 95052K, reserved 1130496K
  class space    used 12143K, capacity 13157K, committed 13184K, reserved 1048576K
}
Event: 9.202 GC heap before
{Heap before GC invocations=22 (full 0):
 garbage-first heap   total 225280K, used 150896K [0x0000000080000000, 0x0000000100000000)
  region size 1024K, 61 young (62464K), 9 survivors (9216K)
 Metaspace       used 97419K, capacity 100784K, committed 100820K, reserved 1136640K
  class space    used 13119K, capacity 14450K, committed 14464K, reserved 1048576K
}
Event: 9.221 GC heap after
{Heap after GC invocations=23 (full 0):
 garbage-first heap   total 225280K, used 105974K [0x0000000080000000, 0x0000000100000000)
  region size 1024K, 6 young (6144K), 6 survivors (6144K)
 Metaspace       used 97419K, capacity 100784K, committed 100820K, reserved 1136640K
  class space    used 13119K, capacity 14450K, committed 14464K, reserved 1048576K
}
Event: 9.572 GC heap before
{Heap before GC invocations=24 (full 0):
 garbage-first heap   total 225280K, used 169462K [0x0000000080000000, 0x0000000100000000)
  region size 1024K, 69 young (70656K), 6 survivors (6144K)
 Metaspace       used 98319K, capacity 101599K, committed 102380K, reserved 1136640K
  class space    used 13131K, capacity 14420K, committed 14744K, reserved 1048576K
}
Event: 9.585 GC heap after
{Heap after GC invocations=25 (full 0):
 garbage-first heap   total 225280K, used 109184K [0x0000000080000000, 0x0000000100000000)
  region size 1024K, 5 young (5120K), 5 survivors (5120K)
 Metaspace       used 98319K, capacity 101599K, committed 102380K, reserved 1136640K
  class space    used 13131K, capacity 14420K, committed 14744K, reserved 1048576K
}

