# JRE version: OpenJDK Runtime Environment (11.0.8+10) (build 11.0.8+10-b944.6842174)
# Java VM: OpenJDK 64-Bit Server VM (11.0.8+10-b944.6842174, mixed mode, tiered, compressed oops, g1 gc, windows-amd64)
Heap:
 garbage-first heap   total 386048K, used 210730K [0x0000000080000000, 0x0000000100000000)
  region size 1024K, 1 young (1024K), 1 survivors (1024K)
 Metaspace       used 216049K, capacity 221468K, committed 222588K, reserved 1243136K
  class space    used 27351K, capacity 29229K, committed 29696K, reserved 1048576K
GC Heap History (20 events):
Event: 349.853 GC heap after
{Heap after GC invocations=159 (full 0):
 garbage-first heap   total 270336K, used 204206K [0x0000000080000000, 0x0000000100000000)
  region size 1024K, 5 young (5120K), 5 survivors (5120K)
 Metaspace       used 209680K, capacity 215012K, committed 215164K, reserved 1236992K
  class space    used 26524K, capacity 28375K, committed 28416K, reserved 1048576K
}
Event: 350.070 GC heap before
{Heap before GC invocations=159 (full 0):
 garbage-first heap   total 270336K, used 227758K [0x0000000080000000, 0x0000000100000000)
  region size 1024K, 29 young (29696K), 5 survivors (5120K)
 Metaspace       used 212755K, capacity 218369K, committed 218748K, reserved 1239040K
  class space    used 27061K, capacity 29059K, committed 29184K, reserved 1048576K
}
Event: 350.080 GC heap after
{Heap after GC invocations=160 (full 0):
 garbage-first heap   total 270336K, used 207685K [0x0000000080000000, 0x0000000100000000)
  region size 1024K, 4 young (4096K), 4 survivors (4096K)
 Metaspace       used 212755K, capacity 218369K, committed 218748K, reserved 1239040K
  class space    used 27061K, capacity 29059K, committed 29184K, reserved 1048576K
}
Event: 350.167 GC heap before
{Heap before GC invocations=161 (full 0):
 garbage-first heap   total 270336K, used 230213K [0x0000000080000000, 0x0000000100000000)
  region size 1024K, 26 young (26624K), 4 survivors (4096K)
 Metaspace       used 213769K, capacity 219445K, committed 219644K, reserved 1239040K
  class space    used 27195K, capacity 29203K, committed 29312K, reserved 1048576K
}
Event: 350.174 GC heap after
{Heap after GC invocations=162 (full 0):
 garbage-first heap   total 270336K, used 209718K [0x0000000080000000, 0x0000000100000000)
  region size 1024K, 3 young (3072K), 3 survivors (3072K)
 Metaspace       used 213769K, capacity 219445K, committed 219644K, reserved 1239040K
  class space    used 27195K, capacity 29203K, committed 29312K, reserved 1048576K
}
Event: 350.208 GC heap before
{Heap before GC invocations=162 (full 0):
 garbage-first heap   total 270336K, used 219958K [0x0000000080000000, 0x0000000100000000)
  region size 1024K, 13 young (13312K), 3 survivors (3072K)
 Metaspace       used 214213K, capacity 219921K, committed 220156K, reserved 1241088K
  class space    used 27261K, capacity 29276K, committed 29312K, reserved 1048576K
}
Event: 350.213 GC heap after
{Heap after GC invocations=163 (full 0):
 garbage-first heap   total 270336K, used 211596K [0x0000000080000000, 0x0000000100000000)
  region size 1024K, 2 young (2048K), 2 survivors (2048K)
 Metaspace       used 214213K, capacity 219921K, committed 220156K, reserved 1241088K
  class space    used 27261K, capacity 29276K, committed 29312K, reserved 1048576K
}
Event: 350.327 GC heap before
{Heap before GC invocations=163 (full 0):
 garbage-first heap   total 270336K, used 233100K [0x0000000080000000, 0x0000000100000000)
  region size 1024K, 23 young (23552K), 2 survivors (2048K)
 Metaspace       used 214713K, capacity 220452K, committed 220540K, reserved 1241088K
  class space    used 27316K, capacity 29383K, committed 29440K, reserved 1048576K
}
Event: 350.331 GC heap after
{Heap after GC invocations=164 (full 0):
 garbage-first heap   total 270336K, used 212162K [0x0000000080000000, 0x0000000100000000)
  region size 1024K, 2 young (2048K), 2 survivors (2048K)
 Metaspace       used 214713K, capacity 220452K, committed 220540K, reserved 1241088K
  class space    used 27316K, capacity 29383K, committed 29440K, reserved 1048576K
}
Event: 350.608 GC heap before
{Heap before GC invocations=165 (full 0):
 garbage-first heap   total 270336K, used 234690K [0x0000000080000000, 0x0000000100000000)
  region size 1024K, 23 young (23552K), 2 survivors (2048K)
 Metaspace       used 214303K, capacity 219667K, committed 221052K, reserved 1241088K
  class space    used 27093K, capacity 28969K, committed 29440K, reserved 1048576K
}
Event: 350.610 GC heap after
{Heap after GC invocations=166 (full 0):
 garbage-first heap   total 270336K, used 211099K [0x0000000080000000, 0x0000000100000000)
  region size 1024K, 1 young (1024K), 1 survivors (1024K)
 Metaspace       used 214303K, capacity 219667K, committed 221052K, reserved 1241088K
  class space    used 27093K, capacity 28969K, committed 29440K, reserved 1048576K
}
Event: 350.668 GC heap before
{Heap before GC invocations=166 (full 0):
 garbage-first heap   total 270336K, used 222363K [0x0000000080000000, 0x0000000100000000)
  region size 1024K, 13 young (13312K), 1 survivors (1024K)
 Metaspace       used 214630K, capacity 219983K, committed 221308K, reserved 1241088K
  class space    used 27131K, capacity 29007K, committed 29440K, reserved 1048576K
}
Event: 350.676 GC heap after
{Heap after GC invocations=167 (full 0):
 garbage-first heap   total 270336K, used 207801K [0x0000000080000000, 0x0000000100000000)
  region size 1024K, 2 young (2048K), 2 survivors (2048K)
 Metaspace       used 214630K, capacity 219983K, committed 221308K, reserved 1241088K
  class space    used 27131K, capacity 29007K, committed 29440K, reserved 1048576K
}
Event: 350.709 GC heap before
{Heap before GC invocations=167 (full 0):
 garbage-first heap   total 270336K, used 232377K [0x0000000080000000, 0x0000000100000000)
  region size 1024K, 27 young (27648K), 2 survivors (2048K)
 Metaspace       used 214721K, capacity 220074K, committed 221308K, reserved 1241088K
  class space    used 27138K, capacity 29012K, committed 29440K, reserved 1048576K
}
Event: 350.722 GC heap after
{Heap after GC invocations=168 (full 0):
 garbage-first heap   total 270336K, used 210062K [0x0000000080000000, 0x0000000100000000)
  region size 1024K, 4 young (4096K), 4 survivors (4096K)
 Metaspace       used 214721K, capacity 220074K, committed 221308K, reserved 1241088K
  class space    used 27138K, capacity 29012K, committed 29440K, reserved 1048576K
}
Event: 350.824 GC heap before
{Heap before GC invocations=168 (full 0):
 garbage-first heap   total 270336K, used 234638K [0x0000000080000000, 0x0000000100000000)
  region size 1024K, 28 young (28672K), 4 survivors (4096K)
 Metaspace       used 215423K, capacity 220826K, committed 221948K, reserved 1241088K
  class space    used 27294K, capacity 29172K, committed 29568K, reserved 1048576K
}
Event: 350.830 GC heap after
{Heap after GC invocations=169 (full 0):
 garbage-first heap   total 270336K, used 213366K [0x0000000080000000, 0x0000000100000000)
  region size 1024K, 4 young (4096K), 4 survivors (4096K)
 Metaspace       used 215423K, capacity 220826K, committed 221948K, reserved 1241088K
  class space    used 27294K, capacity 29172K, committed 29568K, reserved 1048576K
}
Event: 351.200 GC heap before
{Heap before GC invocations=170 (full 0):
 garbage-first heap   total 270336K, used 235894K [0x0000000080000000, 0x0000000100000000)
  region size 1024K, 24 young (24576K), 4 survivors (4096K)
 Metaspace       used 215671K, capacity 221046K, committed 222332K, reserved 1243136K
  class space    used 27295K, capacity 29172K, committed 29696K, reserved 1048576K
}
Event: 351.204 GC heap after
{Heap after GC invocations=171 (full 0):
 garbage-first heap   total 270336K, used 214946K [0x0000000080000000, 0x0000000100000000)
  region size 1024K, 1 young (1024K), 1 survivors (1024K)
 Metaspace       used 215671K, capacity 221046K, committed 222332K, reserved 1243136K
  class space    used 27295K, capacity 29172K, committed 29696K, reserved 1048576K
}
Event: 351.655 GC heap before
{Heap before GC invocations=171 (full 0):
 garbage-first heap   total 270336K, used 228258K [0x0000000080000000, 0x0000000100000000)
  region size 1024K, 13 young (13312K), 1 survivors (1024K)
 Metaspace       used 216049K, capacity 221468K, committed 222588K, reserved 1243136K
  class space    used 27351K, capacity 29229K, committed 29696K, reserved 1048576K
}

