# JRE version: OpenJDK Runtime Environment (11.0.8+10) (build 11.0.8+10-b944.6842174)
# Java VM: OpenJDK 64-Bit Server VM (11.0.8+10-b944.6842174, mixed mode, tiered, compressed oops, g1 gc, windows-amd64)
Heap:
 garbage-first heap   total 225280K, used 165782K [0x0000000080000000, 0x0000000100000000)
  region size 1024K, 38 young (38912K), 3 survivors (3072K)
 Metaspace       used 120563K, capacity 123806K, committed 124156K, reserved 1157120K
  class space    used 15046K, capacity 16151K, committed 16256K, reserved 1048576K
GC Heap History (20 events):
Event: 1688.754 GC heap before
{Heap before GC invocations=57 (full 0):
 garbage-first heap   total 225280K, used 181507K [0x0000000080000000, 0x0000000100000000)
  region size 1024K, 33 young (33792K), 4 survivors (4096K)
 Metaspace       used 113961K, capacity 116958K, committed 116988K, reserved 1150976K
  class space    used 14201K, capacity 15224K, committed 15232K, reserved 1048576K
}
Event: 1688.759 GC heap after
{Heap after GC invocations=58 (full 0):
 garbage-first heap   total 225280K, used 138837K [0x0000000080000000, 0x0000000100000000)
  region size 1024K, 4 young (4096K), 4 survivors (4096K)
 Metaspace       used 113961K, capacity 116958K, committed 116988K, reserved 1150976K
  class space    used 14201K, capacity 15224K, committed 15232K, reserved 1048576K
}
Event: 1688.839 GC heap before
{Heap before GC invocations=58 (full 0):
 garbage-first heap   total 225280K, used 144981K [0x0000000080000000, 0x0000000100000000)
  region size 1024K, 11 young (11264K), 4 survivors (4096K)
 Metaspace       used 114067K, capacity 117023K, committed 117244K, reserved 1150976K
  class space    used 14212K, capacity 15224K, committed 15232K, reserved 1048576K
}
Event: 1688.848 GC heap after
{Heap after GC invocations=59 (full 0):
 garbage-first heap   total 225280K, used 137070K [0x0000000080000000, 0x0000000100000000)
  region size 1024K, 1 young (1024K), 1 survivors (1024K)
 Metaspace       used 114067K, capacity 117023K, committed 117244K, reserved 1150976K
  class space    used 14212K, capacity 15224K, committed 15232K, reserved 1048576K
}
Event: 1689.605 GC heap before
{Heap before GC invocations=59 (full 0):
 garbage-first heap   total 225280K, used 169838K [0x0000000080000000, 0x0000000100000000)
  region size 1024K, 34 young (34816K), 1 survivors (1024K)
 Metaspace       used 115223K, capacity 118228K, committed 118396K, reserved 1153024K
  class space    used 14329K, capacity 15341K, committed 15360K, reserved 1048576K
}
Event: 1689.615 GC heap after
{Heap after GC invocations=60 (full 0):
 garbage-first heap   total 225280K, used 138884K [0x0000000080000000, 0x0000000100000000)
  region size 1024K, 3 young (3072K), 3 survivors (3072K)
 Metaspace       used 115223K, capacity 118228K, committed 118396K, reserved 1153024K
  class space    used 14329K, capacity 15341K, committed 15360K, reserved 1048576K
}
Event: 1690.614 GC heap before
{Heap before GC invocations=61 (full 0):
 garbage-first heap   total 225280K, used 165508K [0x0000000080000000, 0x0000000100000000)
  region size 1024K, 38 young (38912K), 3 survivors (3072K)
 Metaspace       used 115351K, capacity 118407K, committed 118524K, reserved 1153024K
  class space    used 14347K, capacity 15379K, committed 15488K, reserved 1048576K
}
Event: 1690.644 GC heap after
{Heap after GC invocations=62 (full 0):
 garbage-first heap   total 225280K, used 133662K [0x0000000080000000, 0x0000000100000000)
  region size 1024K, 5 young (5120K), 5 survivors (5120K)
 Metaspace       used 115351K, capacity 118407K, committed 118524K, reserved 1153024K
  class space    used 14347K, capacity 15379K, committed 15488K, reserved 1048576K
}
Event: 1690.896 GC heap before
{Heap before GC invocations=62 (full 0):
 garbage-first heap   total 225280K, used 138782K [0x0000000080000000, 0x0000000100000000)
  region size 1024K, 11 young (11264K), 5 survivors (5120K)
 Metaspace       used 115362K, capacity 118407K, committed 118524K, reserved 1153024K
  class space    used 14349K, capacity 15379K, committed 15488K, reserved 1048576K
}
Event: 1690.949 GC heap after
{Heap after GC invocations=63 (full 0):
 garbage-first heap   total 225280K, used 124038K [0x0000000080000000, 0x0000000100000000)
  region size 1024K, 2 young (2048K), 2 survivors (2048K)
 Metaspace       used 115362K, capacity 118407K, committed 118524K, reserved 1153024K
  class space    used 14349K, capacity 15379K, committed 15488K, reserved 1048576K
}
Event: 1691.417 GC heap before
{Heap before GC invocations=63 (full 0):
 garbage-first heap   total 225280K, used 169094K [0x0000000080000000, 0x0000000100000000)
  region size 1024K, 47 young (48128K), 2 survivors (2048K)
 Metaspace       used 115497K, capacity 118537K, committed 118780K, reserved 1153024K
  class space    used 14363K, capacity 15394K, committed 15488K, reserved 1048576K
}
Event: 1691.423 GC heap after
{Heap after GC invocations=64 (full 0):
 garbage-first heap   total 225280K, used 127319K [0x0000000080000000, 0x0000000100000000)
  region size 1024K, 5 young (5120K), 5 survivors (5120K)
 Metaspace       used 115497K, capacity 118537K, committed 118780K, reserved 1153024K
  class space    used 14363K, capacity 15394K, committed 15488K, reserved 1048576K
}
Event: 1696.494 GC heap before
{Heap before GC invocations=65 (full 0):
 garbage-first heap   total 225280K, used 173399K [0x0000000080000000, 0x0000000100000000)
  region size 1024K, 51 young (52224K), 5 survivors (5120K)
 Metaspace       used 116527K, capacity 119529K, committed 119676K, reserved 1153024K
  class space    used 14477K, capacity 15510K, committed 15616K, reserved 1048576K
}
Event: 1696.499 GC heap after
{Heap after GC invocations=66 (full 0):
 garbage-first heap   total 225280K, used 132313K [0x0000000080000000, 0x0000000100000000)
  region size 1024K, 7 young (7168K), 7 survivors (7168K)
 Metaspace       used 116527K, capacity 119529K, committed 119676K, reserved 1153024K
  class space    used 14477K, capacity 15510K, committed 15616K, reserved 1048576K
}
Event: 1696.512 GC heap before
{Heap before GC invocations=66 (full 0):
 garbage-first heap   total 225280K, used 135385K [0x0000000080000000, 0x0000000100000000)
  region size 1024K, 11 young (11264K), 7 survivors (7168K)
 Metaspace       used 116531K, capacity 119529K, committed 119676K, reserved 1153024K
  class space    used 14477K, capacity 15510K, committed 15616K, reserved 1048576K
}
Event: 1696.520 GC heap after
{Heap after GC invocations=67 (full 0):
 garbage-first heap   total 225280K, used 129696K [0x0000000080000000, 0x0000000100000000)
  region size 1024K, 2 young (2048K), 2 survivors (2048K)
 Metaspace       used 116531K, capacity 119529K, committed 119676K, reserved 1153024K
  class space    used 14477K, capacity 15510K, committed 15616K, reserved 1048576K
}
Event: 1696.707 GC heap before
{Heap before GC invocations=67 (full 0):
 garbage-first heap   total 225280K, used 175776K [0x0000000080000000, 0x0000000100000000)
  region size 1024K, 47 young (48128K), 2 survivors (2048K)
 Metaspace       used 117086K, capacity 120137K, committed 120444K, reserved 1155072K
  class space    used 14518K, capacity 15542K, committed 15616K, reserved 1048576K
}
Event: 1696.710 GC heap after
{Heap after GC invocations=68 (full 0):
 garbage-first heap   total 225280K, used 131909K [0x0000000080000000, 0x0000000100000000)
  region size 1024K, 4 young (4096K), 4 survivors (4096K)
 Metaspace       used 117086K, capacity 120137K, committed 120444K, reserved 1155072K
  class space    used 14518K, capacity 15542K, committed 15616K, reserved 1048576K
}
Event: 1713.432 GC heap before
{Heap before GC invocations=68 (full 0):
 garbage-first heap   total 225280K, used 177989K [0x0000000080000000, 0x0000000100000000)
  region size 1024K, 50 young (51200K), 4 survivors (4096K)
 Metaspace       used 119776K, capacity 122951K, committed 123260K, reserved 1157120K
  class space    used 14933K, capacity 16011K, committed 16128K, reserved 1048576K
}
Event: 1713.439 GC heap after
{Heap after GC invocations=69 (full 0):
 garbage-first heap   total 225280K, used 131990K [0x0000000080000000, 0x0000000100000000)
  region size 1024K, 3 young (3072K), 3 survivors (3072K)
 Metaspace       used 119776K, capacity 122951K, committed 123260K, reserved 1157120K
  class space    used 14933K, capacity 16011K, committed 16128K, reserved 1048576K
}

